INFO:sim:172 - Generating IP...
ERROR:sim - min_area_algorithm: For the configured RAM size, the number of block
ERROR:sim -    RAMs used exceeds the maximum number of 18KB block RAMs in the
   Spartan-6
ERROR:sim - min_area_algorithm: For the configured RAM size, the number of block
ERROR:sim -    RAMs used exceeds the maximum number of 18KB block RAMs in the
   Spartan-6
ERROR:sim - min_area_algorithm: For the configured RAM size, the number of block
ERROR:sim -    RAMs used exceeds the maximum number of 18KB block RAMs in the
   Spartan-6
ERROR:sim - min_area_algorithm: For the configured RAM size, the number of block
ERROR:sim -    RAMs used exceeds the maximum number of 18KB block RAMs in the
   Spartan-6
ERROR:sim - min_area_algorithm: For the configured RAM size, the number of block
ERROR:sim -    RAMs used exceeds the maximum number of 18KB block RAMs in the
   Spartan-6
ERROR:sim - min_area_algorithm: For the configured RAM size, the number of block
ERROR:sim -    RAMs used exceeds the maximum number of 18KB block RAMs in the
   Spartan-6
ERROR:sim - min_area_algorithm: For the configured RAM size, the number of block
ERROR:sim -    RAMs used exceeds the maximum number of 18KB block RAMs in the
   Spartan-6
ERROR:sim - min_area_algorithm: For the configured RAM size, the number of block
ERROR:sim -    RAMs used exceeds the maximum number of 18KB block RAMs in the
   Spartan-6
ERROR:sim - min_area_algorithm: For the configured RAM size, the number of block
ERROR:sim -    RAMs used exceeds the maximum number of 18KB block RAMs in the
   Spartan-6
ERROR:sim - min_area_algorithm: For the configured RAM size, the number of block
ERROR:sim -    RAMs used exceeds the maximum number of 18KB block RAMs in the
   Spartan-6
ERROR:sim - min_area_algorithm: For the configured RAM size, the number of block
ERROR:sim -    RAMs used exceeds the maximum number of 18KB block RAMs in the
   Spartan-6
ERROR:sim - min_area_algorithm: For the configured RAM size, the number of block
ERROR:sim -    RAMs used exceeds the maximum number of 18KB block RAMs in the
   Spartan-6
ERROR:sim - min_area_algorithm: For the configured RAM size, the number of block
ERROR:sim -    RAMs used exceeds the maximum number of 18KB block RAMs in the
   Spartan-6
ERROR:sim - min_area_algorithm: For the configured RAM size, the number of block
ERROR:sim -    RAMs used exceeds the maximum number of 18KB block RAMs in the
   Spartan-6
ERROR:sim - min_area_algorithm: For the configured RAM size, the number of block
ERROR:sim -    RAMs used exceeds the maximum number of 18KB block RAMs in the
   Spartan-6
ERROR:sim - min_area_algorithm: For the configured RAM size, the number of block
ERROR:sim -    RAMs used exceeds the maximum number of 18KB block RAMs in the
   Spartan-6
ERROR:sim - min_area_algorithm: For the configured RAM size, the number of block
ERROR:sim -    RAMs used exceeds the maximum number of 18KB block RAMs in the
   Spartan-6
ERROR:sim - min_area_algorithm: For the configured RAM size, the number of block
ERROR:sim -    RAMs used exceeds the maximum number of 18KB block RAMs in the
   Spartan-6
ERROR:sim - min_area_algorithm: For the configured RAM size, the number of block
ERROR:sim -    RAMs used exceeds the maximum number of 18KB block RAMs in the
   Spartan-6
ERROR:sim - min_area_algorithm: For the configured RAM size, the number of block
ERROR:sim -    RAMs used exceeds the maximum number of 18KB block RAMs in the
   Spartan-6
ERROR:sim - min_area_algorithm: For the configured RAM size, the number of block
ERROR:sim -    RAMs used exceeds the maximum number of 18KB block RAMs in the
   Spartan-6
ERROR:sim - min_area_algorithm: For the configured RAM size, the number of block
ERROR:sim -    RAMs used exceeds the maximum number of 18KB block RAMs in the
   Spartan-6
ERROR:sim - min_area_algorithm: For the configured RAM size, the number of block
ERROR:sim -    RAMs used exceeds the maximum number of 18KB block RAMs in the
   Spartan-6
ERROR:sim - min_area_algorithm: For the configured RAM size, the number of block
ERROR:sim -    RAMs used exceeds the maximum number of 18KB block RAMs in the
   Spartan-6
ERROR:sim - min_area_algorithm: For the configured RAM size, the number of block
ERROR:sim -    RAMs used exceeds the maximum number of 18KB block RAMs in the
   Spartan-6
ERROR:sim - min_area_algorithm: For the configured RAM size, the number of block
ERROR:sim -    RAMs used exceeds the maximum number of 18KB block RAMs in the
   Spartan-6
ERROR:sim - min_area_algorithm: For the configured RAM size, the number of block
ERROR:sim -    RAMs used exceeds the maximum number of 18KB block RAMs in the
   Spartan-6
ERROR:sim - min_area_algorithm: For the configured RAM size, the number of block
ERROR:sim -    RAMs used exceeds the maximum number of 18KB block RAMs in the
   Spartan-6
ERROR:sim - min_area_algorithm: For the configured RAM size, the number of block
ERROR:sim -    RAMs used exceeds the maximum number of 18KB block RAMs in the
   Spartan-6
ERROR:sim - min_area_algorithm: For the configured RAM size, the number of block
ERROR:sim -    RAMs used exceeds the maximum number of 18KB block RAMs in the
   Spartan-6
ERROR:sim - min_area_algorithm: For the configured RAM size, the number of block
ERROR:sim -    RAMs used exceeds the maximum number of 18KB block RAMs in the
   Spartan-6
Resolving generics for 'dataMem'...
Applying external generics to 'dataMem'...
Delivering associated files for 'dataMem'...
Delivering EJava files for 'dataMem'...
Generating implementation netlist for 'dataMem'...
INFO:sim - Pre-processing HDL files for 'dataMem'...
Running synthesis for 'dataMem'
Running ngcbuild...
Writing VHO instantiation template for 'dataMem'...
Writing VHDL behavioral simulation model for 'dataMem'...
WARNING:sim - Overwriting existing file
   D:/vhdl/pipelined/ipcore_dir/tmp/_cg/dataMem/doc/blk_mem_gen_v7_3_vinfo.html
   with file from view xilinx_documentation
Delivered 1 file into directory D:/vhdl/pipelined/ipcore_dir/tmp/_cg/dataMem
Generating ASY schematic symbol...
INFO:sim:949 - Finished generation of ASY schematic symbol.
Generating SYM schematic symbol for 'dataMem'...
Generating metadata file...
Generating ISE project file for 'dataMem'...
Generating ISE project...
XCO file found: dataMem.xco
XMDF file found: dataMem_xmdf.tcl
Adding D:/vhdl/pipelined/ipcore_dir/tmp/_cg/dataMem.asy -view all -origin_type
imported
Adding D:/vhdl/pipelined/ipcore_dir/tmp/_cg/dataMem.ngc -view all -origin_type
created
Checking file "D:/vhdl/pipelined/ipcore_dir/tmp/_cg/dataMem.ngc" for project
device match ...
File "D:/vhdl/pipelined/ipcore_dir/tmp/_cg/dataMem.ngc" device information
matches project device.
Adding D:/vhdl/pipelined/ipcore_dir/tmp/_cg/dataMem.sym -view all -origin_type
imported
Adding D:/vhdl/pipelined/ipcore_dir/tmp/_cg/dataMem.vhd -view all -origin_type
created
INFO:HDLCompiler:1061 - Parsing VHDL file
   "D:/vhdl/pipelined/ipcore_dir/tmp/_cg/dataMem.vhd" into library work
INFO:ProjectMgmt - Parsing design hierarchy completed successfully.
Adding D:/vhdl/pipelined/ipcore_dir/tmp/_cg/dataMem.vho -view all -origin_type
imported
INFO:TclTasksC:2116 - The automatic calculation of top has been turned-off.
   Please set the new top explicitly by running the "project set top" command.
   To re-calculate the new top automatically, set the "Auto Implementation Top"
   property to true.
Top level has been set to "/dataMem"
Generating README file...
Generating FLIST file...
INFO:sim:948 - Finished FLIST file generation.
Launching README viewer...
Moving files to output directory...
Finished moving files to output directory
Wrote CGP file for project 'dataMem'.
