Command line:
   delete_isim_beh.exe
     -simmode  gui
     -simrunnum  0
     -socket  52913

Wed Apr 13 19:01:54 2016


 Elaboration Time: 0.046875 sec

 Current Memory Usage: 840.184 Meg

 Total Signals          : 2
 Total Nets             : 8
 Total Signal Drivers   : 1
 Total Blocks           : 2
 Total Primitive Blocks : 2
 Total Processes        : 1
 Total Traceable Variables  : 8
 Total Scalar Nets and Variables : 368
Total Line Count : 1

 Total Simulation Time: 0.046875 sec

 Current Memory Usage: 840.184 Meg

Wed Apr 13 19:05:48 2016

