Command line:
   pc_isim_beh.exe
     -simmode  gui
     -simrunnum  1
     -socket  55991

Sun Apr 03 20:29:27 2016


 Elaboration Time: 0.03125 sec

 Current Memory Usage: 843.842 Meg

 Total Signals          : 6
 Total Nets             : 33
 Total Signal Drivers   : 2
 Total Blocks           : 2
 Total Primitive Blocks : 2
 Total Processes        : 1
 Total Traceable Variables  : 8
 Total Scalar Nets and Variables : 393
Total Line Count : 8

 Total Simulation Time: 0.03125 sec

 Current Memory Usage: 686.555 Meg

Sun Apr 03 20:29:36 2016

