Command line:
   alu_isim_beh.exe
     -simmode  gui
     -simrunnum  0
     -socket  53896

Thu Apr 14 10:53:05 2016


 Elaboration Time: 0.03125 sec

 Current Memory Usage: 840.237 Meg

 Total Signals          : 15
 Total Nets             : 310
 Total Signal Drivers   : 8
 Total Blocks           : 3
 Total Primitive Blocks : 3
 Total Processes        : 7
 Total Traceable Variables  : 13
 Total Scalar Nets and Variables : 793
Total Line Count : 37

 Total Simulation Time: 0.046875 sec

 Current Memory Usage: 840.237 Meg

Thu Apr 14 10:53:12 2016

